origin	https://github.com/cgerro/DAI-2022-UDP-Orchestra.git (fetch)
origin	https://github.com/cgerro/DAI-2022-UDP-Orchestra.git (push)
Starting auditor container "8b7c8e97dfc4aa87ff7f889c1c9d3a2d3a4326dc756ebfcc1f643960ac16ddf2"
Starting auditor container "bcddde6719bf911829c035310fb70e6063be9cb4fe136754f4c4348460a40fa8"
Starting auditor container "f59e63f75f836b2035cf6b12e54ae3bebb6d800e6451b682a95424b41d9d5f78"
Starting auditor container "b5818ad48d4daa51a196cfc4eaca430211c85e38ea0b3b5d39a89a5143422a1f"
Starting auditor container "a2bce749f5b1a7d70a730d17ff39bf5f43bbae7c0d64ea9946d0bdc08319790d"
Starting auditor container "0ff5cdc769e1df160cdaf7e4f599bd962608412a80d32c94f705c212e506f2fb"
Starting auditor container "470951ea1c6d6254dfd37c8a9baa0ea559ccac3b1c88fd4e40bb101a6f318e7a"
Starting auditor container "2de29630451871269a8a82765bdd495c82c2bd22c05c56326902d710bc889528"
Starting auditor container "53d0df22dbd74fa9de0bad82332b3dea9e761e35c1d2a5a5fbe7fc8e696ada1d"
Starting auditor container "2f1bed7c4a42306e8216859db9d76754ec05a4d79617982c063a21753135acca"
Starting auditor container "02cb74a8b5796784180c755603ce1570ca981fb8fb760c3afc40c684067a3b31"
11 containers have been started.
b5818ad48d4daa51a196cfc4eaca430211c85e38ea0b3b5d39a89a5143422a1f : index.js,violin
02cb74a8b5796784180c755603ce1570ca981fb8fb760c3afc40c684067a3b31 : index.js,drum
8b7c8e97dfc4aa87ff7f889c1c9d3a2d3a4326dc756ebfcc1f643960ac16ddf2 : index.js,flute
2de29630451871269a8a82765bdd495c82c2bd22c05c56326902d710bc889528 : index.js,flute
2f1bed7c4a42306e8216859db9d76754ec05a4d79617982c063a21753135acca : index.js,flute
470951ea1c6d6254dfd37c8a9baa0ea559ccac3b1c88fd4e40bb101a6f318e7a : index.js,trumpet
bcddde6719bf911829c035310fb70e6063be9cb4fe136754f4c4348460a40fa8 : index.js,drum
0ff5cdc769e1df160cdaf7e4f599bd962608412a80d32c94f705c212e506f2fb : index.js,drum
f59e63f75f836b2035cf6b12e54ae3bebb6d800e6451b682a95424b41d9d5f78 : index.js,violin
53d0df22dbd74fa9de0bad82332b3dea9e761e35c1d2a5a5fbe7fc8e696ada1d : index.js,violin
a2bce749f5b1a7d70a730d17ff39bf5f43bbae7c0d64ea9946d0bdc08319790d : /opt/app/index.js
